e:\workspace2\branch\hkexv2\dui_mfc\thirdlib\duilib\duilib\build\debug\duilib.pch
e:\workspace2\branch\hkexv2\dui_mfc\thirdlib\duilib\temp\debug\vc120.pdb
e:\workspace2\branch\hkexv2\dui_mfc\thirdlib\duilib\temp\debug\vc120.idb
e:\workspace2\branch\hkexv2\dui_mfc\thirdlib\duilib\temp\debug\stdafx.obj
e:\workspace2\branch\hkexv2\dui_mfc\thirdlib\duilib\temp\debug\uitilelayout.obj
e:\workspace2\branch\hkexv2\dui_mfc\thirdlib\duilib\temp\debug\uiverticallayout.obj
e:\workspace2\branch\hkexv2\dui_mfc\thirdlib\duilib\temp\debug\uiactivex.obj
e:\workspace2\branch\hkexv2\dui_mfc\thirdlib\duilib\temp\debug\uibutton.obj
e:\workspace2\branch\hkexv2\dui_mfc\thirdlib\duilib\temp\debug\uicheckbox.obj
e:\workspace2\branch\hkexv2\dui_mfc\thirdlib\duilib\temp\debug\uicombo.obj
e:\workspace2\branch\hkexv2\dui_mfc\thirdlib\duilib\temp\debug\uicombobox.obj
e:\workspace2\branch\hkexv2\dui_mfc\thirdlib\duilib\temp\debug\uidatetime.obj
e:\workspace2\branch\hkexv2\dui_mfc\thirdlib\duilib\temp\debug\uiedit.obj
e:\workspace2\branch\hkexv2\dui_mfc\thirdlib\duilib\temp\debug\uiflash.obj
e:\workspace2\branch\hkexv2\dui_mfc\thirdlib\duilib\temp\debug\uilabel.obj
e:\workspace2\branch\hkexv2\dui_mfc\thirdlib\duilib\temp\debug\uilist.obj
e:\workspace2\branch\hkexv2\dui_mfc\thirdlib\duilib\temp\debug\uioption.obj
e:\workspace2\branch\hkexv2\dui_mfc\thirdlib\duilib\temp\debug\uiprogress.obj
e:\workspace2\branch\hkexv2\dui_mfc\thirdlib\duilib\temp\debug\uirichedit.obj
e:\workspace2\branch\hkexv2\dui_mfc\thirdlib\duilib\temp\debug\uiscrollbar.obj
e:\workspace2\branch\hkexv2\dui_mfc\thirdlib\duilib\temp\debug\uislider.obj
e:\workspace2\branch\hkexv2\dui_mfc\thirdlib\duilib\temp\debug\uitext.obj
e:\workspace2\branch\hkexv2\dui_mfc\thirdlib\duilib\temp\debug\uitreeview.obj
e:\workspace2\branch\hkexv2\dui_mfc\thirdlib\duilib\temp\debug\uiwebbrowser.obj
e:\workspace2\branch\hkexv2\dui_mfc\thirdlib\duilib\temp\debug\uilib.obj
e:\workspace2\branch\hkexv2\dui_mfc\thirdlib\duilib\temp\debug\winimplbase.obj
e:\workspace2\branch\hkexv2\dui_mfc\thirdlib\duilib\temp\debug\uidelegate.obj
e:\workspace2\branch\hkexv2\dui_mfc\thirdlib\duilib\temp\debug\utils.obj
e:\workspace2\branch\hkexv2\dui_mfc\thirdlib\duilib\temp\debug\uibase.obj
e:\workspace2\branch\hkexv2\dui_mfc\thirdlib\duilib\temp\debug\uicontainer.obj
e:\workspace2\branch\hkexv2\dui_mfc\thirdlib\duilib\temp\debug\uicontrol.obj
e:\workspace2\branch\hkexv2\dui_mfc\thirdlib\duilib\temp\debug\uidlgbuilder.obj
e:\workspace2\branch\hkexv2\dui_mfc\thirdlib\duilib\temp\debug\uimanager.obj
e:\workspace2\branch\hkexv2\dui_mfc\thirdlib\duilib\temp\debug\uimarkup.obj
e:\workspace2\branch\hkexv2\dui_mfc\thirdlib\duilib\temp\debug\uirender.obj
e:\workspace2\branch\hkexv2\dui_mfc\thirdlib\duilib\temp\debug\uichildlayout.obj
e:\workspace2\branch\hkexv2\dui_mfc\thirdlib\duilib\temp\debug\uihorizontallayout.obj
e:\workspace2\branch\hkexv2\dui_mfc\thirdlib\duilib\temp\debug\uitablayout.obj
e:\workspace2\branch\hkexv2\dui_mfc\thirdlib\duilib\temp\debug\stb_image.obj
e:\workspace2\branch\hkexv2\dui_mfc\thirdlib\duilib\temp\debug\xunzip.obj
e:\workspace2\branch\hkexv2\dui_mfc\thirdlib\duilib\lib\duilib_d.lib
e:\workspace2\branch\hkexv2\dui_mfc\thirdlib\duilib\lib\duilib_d.exp
e:\workspace2\branch\hkexv2\dui_mfc\thirdlib\duilib\bin\duilib_d.dll
e:\workspace2\branch\hkexv2\dui_mfc\thirdlib\duilib\dll\duilib_u.pdb
e:\workspace2\branch\hkexv2\dui_mfc\thirdlib\duilib\temp\debug\duilib.tlog\cl.command.1.tlog
e:\workspace2\branch\hkexv2\dui_mfc\thirdlib\duilib\temp\debug\duilib.tlog\cl.read.1.tlog
e:\workspace2\branch\hkexv2\dui_mfc\thirdlib\duilib\temp\debug\duilib.tlog\cl.write.1.tlog
e:\workspace2\branch\hkexv2\dui_mfc\thirdlib\duilib\temp\debug\duilib.tlog\duilib.write.1u.tlog
e:\workspace2\branch\hkexv2\dui_mfc\thirdlib\duilib\temp\debug\duilib.tlog\link.command.1.tlog
e:\workspace2\branch\hkexv2\dui_mfc\thirdlib\duilib\temp\debug\duilib.tlog\link.read.1.tlog
e:\workspace2\branch\hkexv2\dui_mfc\thirdlib\duilib\temp\debug\duilib.tlog\link.write.1.tlog
